2018-05-29 08:28:21 [scrapy.utils.log] INFO: Scrapy 1.5.0 started (bot: baidu)
2018-05-29 08:28:21 [scrapy.utils.log] INFO: Versions: lxml 4.2.1.0, libxml2 2.9.5, cssselect 1.0.3, parsel 1.4.0, w3lib 1.19.0, Twisted 17.9.0, Python 3.6.4 (v3.6.4:d48eceb, Dec 19 2017, 06:54:40) [MSC v.1900 64 bit (AMD64)], pyOpenSSL 17.5.0 (OpenSSL 1.1.0g  2 Nov 2017), cryptography 2.2.1, Platform Windows-7-6.1.7601-SP1
2018-05-29 08:28:21 [scrapy.crawler] INFO: Overridden settings: {'BOT_NAME': 'baidu', 'DOWNLOAD_DELAY': 1, 'LOG_FILE': 'log_2018_05_29.log', 'LOG_LEVEL': 'INFO', 'LOG_STDOUT': True, 'NEWSPIDER_MODULE': 'baidu.spiders', 'SPIDER_MODULES': ['baidu.spiders']}
2018-05-29 08:28:21 [scrapy.middleware] INFO: Enabled extensions:
['scrapy.extensions.corestats.CoreStats',
 'scrapy.extensions.telnet.TelnetConsole',
 'scrapy.extensions.logstats.LogStats']
2018-05-29 08:28:21 [scrapy.middleware] INFO: Enabled downloader middlewares:
['scrapy.downloadermiddlewares.httpauth.HttpAuthMiddleware',
 'scrapy.downloadermiddlewares.downloadtimeout.DownloadTimeoutMiddleware',
 'scrapy.downloadermiddlewares.defaultheaders.DefaultHeadersMiddleware',
 'scrapy.downloadermiddlewares.useragent.UserAgentMiddleware',
 'scrapy.downloadermiddlewares.retry.RetryMiddleware',
 'scrapy.downloadermiddlewares.redirect.MetaRefreshMiddleware',
 'scrapy.downloadermiddlewares.httpcompression.HttpCompressionMiddleware',
 'scrapy.downloadermiddlewares.redirect.RedirectMiddleware',
 'scrapy.downloadermiddlewares.cookies.CookiesMiddleware',
 'scrapy.downloadermiddlewares.httpproxy.HttpProxyMiddleware',
 'scrapy.downloadermiddlewares.stats.DownloaderStats']
2018-05-29 08:28:21 [scrapy.middleware] INFO: Enabled spider middlewares:
['scrapy.spidermiddlewares.httperror.HttpErrorMiddleware',
 'scrapy.spidermiddlewares.offsite.OffsiteMiddleware',
 'scrapy.spidermiddlewares.referer.RefererMiddleware',
 'scrapy.spidermiddlewares.urllength.UrlLengthMiddleware',
 'scrapy.spidermiddlewares.depth.DepthMiddleware']
2018-05-29 08:28:21 [scrapy.middleware] INFO: Enabled item pipelines:
['baidu.pipelines.BaiduPipeline']
2018-05-29 08:28:21 [scrapy.core.engine] INFO: Spider opened
2018-05-29 08:28:21 [scrapy.extensions.logstats] INFO: Crawled 0 pages (at 0 pages/min), scraped 0 items (at 0 items/min)
2018-05-29 08:29:21 [scrapy.core.engine] INFO: Closing spider (finished)
2018-05-29 08:29:21 [scrapy.statscollectors] INFO: Dumping Scrapy stats:
{'downloader/request_bytes': 30893,
 'downloader/request_count': 50,
 'downloader/request_method_count/GET': 50,
 'downloader/response_bytes': 1569605,
 'downloader/response_count': 50,
 'downloader/response_status_count/200': 50,
 'finish_reason': 'finished',
 'finish_time': datetime.datetime(2018, 5, 29, 0, 29, 21, 868600),
 'item_scraped_count': 49,
 'log_count/INFO': 7,
 'request_depth_max': 1,
 'response_received_count': 50,
 'scheduler/dequeued': 50,
 'scheduler/dequeued/memory': 50,
 'scheduler/enqueued': 50,
 'scheduler/enqueued/memory': 50,
 'start_time': datetime.datetime(2018, 5, 29, 0, 28, 21, 870600)}
2018-05-29 08:29:21 [scrapy.core.engine] INFO: Spider closed (finished)
